<?xml version="1.0" encoding="UTF-8"?>
<!-- Generated by org.testng.reporters.JUnitReportReporter -->
<testsuite hostname="LAPTOP-LIAKTO4M" failures="0" tests="1" name="com.mindtree.runner.TideApplication" time="8.126" errors="0" timestamp="9 Nov 2021 07:09:30 GMT">
  <testcase classname="com.mindtree.runner.TideApplication" name="validateLaundrySymbolsText" time="8.126"/>
</testsuite> <!-- com.mindtree.runner.TideApplication -->
