<?xml version="1.0" encoding="UTF-8"?>
<!-- Generated by org.testng.reporters.JUnitReportReporter -->
<testsuite hostname="LAPTOP-LIAKTO4M" failures="0" tests="1" name="testRunner.TestRunner" time="6.188" errors="0" timestamp="9 Nov 2021 06:12:09 GMT">
  <testcase classname="testRunner.TestRunner" name="runScenario" time="6.188"/>
</testsuite> <!-- testRunner.TestRunner -->
